#
# There is insufficient memory for the Java Runtime Environment to continue.
# Native memory allocation (malloc) failed to allocate 1410176 bytes for Chunk::new
# Possible reasons:
#   The system is out of physical RAM or swap space
#   In 32 bit mode, the process size limit was hit
# Possible solutions:
#   Reduce memory load on the system
#   Increase physical memory or swap space
#   Check if swap backing store is full
#   Use 64 bit Java on a 64 bit OS
#   Decrease Java heap size (-Xmx/-Xms)
#   Decrease number of Java threads
#   Decrease Java thread stack sizes (-Xss)
#   Set larger code cache with -XX:ReservedCodeCacheSize=
# This output file may be truncated or incomplete.
#
#  Out of Memory Error (allocation.cpp:390), pid=2424, tid=0x0000000000003284
#
# JRE version: OpenJDK Runtime Environment (8.0_152-b06) (build 1.8.0_152-release-1136-b06)
# Java VM: OpenJDK 64-Bit Server VM (25.152-b06 mixed mode windows-amd64 compressed oops)
# Failed to write core dump. Minidumps are not enabled by default on client versions of Windows
#

---------------  T H R E A D  ---------------

Current thread (0x00000000160aa000):  JavaThread "C2 CompilerThread0" daemon [_thread_in_native, id=12932, stack(0x00000000176e0000,0x00000000177e0000)]

Stack: [0x00000000176e0000,0x00000000177e0000]
[error occurred during error reporting (printing stack bounds), id 0xc0000005]

Native frames: (J=compiled Java code, j=interpreted, Vv=VM code, C=native code)


Current CompileTask:
C2:3171153 25635   !   4       org.gradle.api.internal.artifacts.ivyservice.resolveengine.graph.builder.NodeState::visitDependencies (167 bytes)


---------------  P R O C E S S  ---------------

Java Threads: ( => current thread )
  0x000000001c7fe800 JavaThread "stdout" daemon [_thread_in_native, id=9052, stack(0x000000003f4e0000,0x000000003f5e0000)]
  0x000000001c803000 JavaThread "stderr" daemon [_thread_in_native, id=13656, stack(0x000000003f3e0000,0x000000003f4e0000)]
  0x000000001c801800 JavaThread "stdout" daemon [_thread_in_native, id=5856, stack(0x000000003f2e0000,0x000000003f3e0000)]
  0x000000001c800800 JavaThread "stderr" daemon [_thread_in_native, id=6516, stack(0x000000003f1e0000,0x000000003f2e0000)]
  0x000000001c804800 JavaThread "pool-52-thread-1" [_thread_blocked, id=4240, stack(0x000000003f0e0000,0x000000003f1e0000)]
  0x000000001c7f8800 JavaThread "ForkJoinPool.commonPool-worker-0" daemon [_thread_blocked, id=1520, stack(0x000000003efe0000,0x000000003f0e0000)]
  0x000000001c7fb800 JavaThread "ForkJoinPool.commonPool-worker-3" daemon [_thread_blocked, id=12836, stack(0x000000003eee0000,0x000000003efe0000)]
  0x000000001c7fa800 JavaThread "ForkJoinPool.commonPool-worker-2" daemon [_thread_blocked, id=11216, stack(0x000000003ede0000,0x000000003eee0000)]
  0x000000001c7f9000 JavaThread "Task worker for ':' Thread 3" [_thread_blocked, id=13512, stack(0x000000003ece0000,0x000000003ede0000)]
  0x000000001c7f5800 JavaThread "Task worker for ':' Thread 2" [_thread_blocked, id=3508, stack(0x000000003ebe0000,0x000000003ece0000)]
  0x000000001c7f7800 JavaThread "Task worker for ':'" [_thread_blocked, id=9108, stack(0x000000003eae0000,0x000000003ebe0000)]
  0x000000001943d000 JavaThread "Cache worker for Build Output Cleanup Cache (D:\Bam Vao\APP_Android\HOC KHOA PHAM\App_login\.gradle\buildOutputCleanup)" [_thread_blocked, id=1324, stack(0x000000003e9e0000,0x000000003eae0000)]
  0x000000001943b800 JavaThread "Cache worker for task history cache (D:\Bam Vao\APP_Android\HOC KHOA PHAM\App_login\.gradle\4.6\taskHistory)" [_thread_blocked, id=5680, stack(0x000000003e8e0000,0x000000003e9e0000)]
  0x000000001943c800 JavaThread "Build operations Thread 4" [_thread_blocked, id=12800, stack(0x000000003e7e0000,0x000000003e8e0000)]
  0x000000001943e800 JavaThread "Build operations Thread 3" [_thread_blocked, id=13708, stack(0x000000003e6e0000,0x000000003e7e0000)]
  0x000000001943a000 JavaThread "Build operations Thread 2" [_thread_blocked, id=768, stack(0x000000003e5e0000,0x000000003e6e0000)]
  0x000000001943b000 JavaThread "Build operations" [_thread_blocked, id=2388, stack(0x000000003e4e0000,0x000000003e5e0000)]
  0x0000000019435000 JavaThread "Cache worker for Artifact transforms cache (C:\Users\Ha Vy\.gradle\caches\transforms-1)" [_thread_blocked, id=13008, stack(0x000000003e3e0000,0x000000003e4e0000)]
  0x0000000019438800 JavaThread "Cache worker for file hash cache (D:\Bam Vao\APP_Android\HOC KHOA PHAM\App_login\.gradle\4.6\fileHashes)" [_thread_blocked, id=4724, stack(0x000000003e2e0000,0x000000003e3e0000)]
  0x0000000019438000 JavaThread "Stdin handler" [_thread_blocked, id=7484, stack(0x000000003e1e0000,0x000000003e2e0000)]
  0x0000000019430800 JavaThread "Asynchronous log dispatcher for DefaultDaemonConnection: socket connection from /127.0.0.1:62453 to /127.0.0.1:63332" [_thread_blocked, id=5488, stack(0x000000003e0e0000,0x000000003e1e0000)]
  0x0000000019431000 JavaThread "Cancel handler" [_thread_blocked, id=3744, stack(0x000000003dfe0000,0x000000003e0e0000)]
  0x000000001942f800 JavaThread "Handler for socket connection from /127.0.0.1:62453 to /127.0.0.1:63332" [_thread_in_native, id=13392, stack(0x000000003dee0000,0x000000003dfe0000)]
  0x000000001ac6a800 JavaThread "Daemon worker Thread 9" [_thread_blocked, id=11892, stack(0x000000003d5e0000,0x000000003d6e0000)]
  0x000000001ac68800 JavaThread "Daemon Thread 9" [_thread_blocked, id=6864, stack(0x000000003d2e0000,0x000000003d3e0000)]
  0x000000001c636000 JavaThread "MarlinRenderer Disposer" daemon [_thread_blocked, id=4644, stack(0x00000000252e0000,0x00000000253e0000)]
  0x000000001c63a800 JavaThread "Java2D Disposer" daemon [_thread_blocked, id=5540, stack(0x00000000251e0000,0x00000000252e0000)]
  0x000000001b9ee000 JavaThread "Memory manager" [_thread_blocked, id=9672, stack(0x00000000207e0000,0x00000000208e0000)]
  0x000000001b9ec800 JavaThread "pool-1-thread-1" [_thread_blocked, id=3312, stack(0x00000000204e0000,0x00000000205e0000)]
  0x00000000193d5800 JavaThread "File lock request listener" [_thread_in_native, id=8236, stack(0x000000001ab30000,0x000000001ac30000)]
  0x000000001932a000 JavaThread "Cache worker for file hash cache (C:\Users\Ha Vy\.gradle\caches\4.6\fileHashes)" [_thread_blocked, id=5348, stack(0x000000001aa30000,0x000000001ab30000)]
  0x0000000018f4b000 JavaThread "Daemon periodic checks" [_thread_blocked, id=11312, stack(0x0000000019f30000,0x000000001a030000)]
  0x0000000018b45000 JavaThread "Incoming local TCP Connector on port 62453" [_thread_in_native, id=14132, stack(0x0000000019cf0000,0x0000000019df0000)]
  0x0000000017a08800 JavaThread "Service Thread" daemon [_thread_blocked, id=13060, stack(0x0000000017de0000,0x0000000017ee0000)]
  0x00000000160ac000 JavaThread "C1 CompilerThread2" daemon [_thread_blocked, id=5588, stack(0x00000000178e0000,0x00000000179e0000)]
  0x00000000160a1000 JavaThread "C2 CompilerThread1" daemon [_thread_blocked, id=13052, stack(0x00000000177e0000,0x00000000178e0000)]
=>0x00000000160aa000 JavaThread "C2 CompilerThread0" daemon [_thread_in_native, id=12932, stack(0x00000000176e0000,0x00000000177e0000)]
  0x00000000160a8800 JavaThread "Attach Listener" daemon [_thread_blocked, id=5616, stack(0x00000000175e0000,0x00000000176e0000)]
  0x00000000160a7800 JavaThread "Signal Dispatcher" daemon [_thread_blocked, id=10664, stack(0x00000000174e0000,0x00000000175e0000)]
  0x000000000272c000 JavaThread "Finalizer" daemon [_thread_blocked, id=3236, stack(0x00000000172f0000,0x00000000173f0000)]
  0x0000000002721800 JavaThread "Reference Handler" daemon [_thread_blocked, id=8744, stack(0x00000000171f0000,0x00000000172f0000)]
  0x000000000243e800 JavaThread "main" [_thread_blocked, id=8732, stack(0x0000000002530000,0x0000000002630000)]

Other Threads:
  0x0000000016064800 VMThread [stack: 0x00000000170f0000,0x00000000171f0000] [id=9000]
  0x00000000160fe000 WatcherThread [stack: 0x0000000017ee0000,0x0000000017fe0000] [id=8432]

VM state:not at safepoint (normal execution)

VM Mutex/Monitor currently owned by a thread: None

Heap:
 PSYoungGen      total 476672K, used 137704K [0x00000000e0000000, 0x00000000ffe80000, 0x0000000100000000)
  eden space 432640K, 31% used [0x00000000e0000000,0x00000000e8365650,0x00000000fa680000)
  from space 44032K, 7% used [0x00000000fd380000,0x00000000fd6949d8,0x00000000ffe80000)
  to   space 45056K, 0% used [0x00000000fa680000,0x00000000fa680000,0x00000000fd280000)
 ParOldGen       total 222208K, used 55028K [0x00000000a0000000, 0x00000000ad900000, 0x00000000e0000000)
  object space 222208K, 24% used [0x00000000a0000000,0x00000000a35bd3a8,0x00000000ad900000)
 Metaspace       used 94049K, capacity 99984K, committed 100172K, reserved 1136640K
  class space    used 11825K, capacity 13058K, committed 13132K, reserved 1048576K

Card table byte_map: [0x0000000011af0000,0x0000000011e00000] byte_map_base: 0x00000000115f0000

Marking Bits: (ParMarkBitMap*) 0x0000000059605aa0
 Begin Bits: [0x0000000012400000, 0x0000000013c00000)
 End Bits:   [0x0000000013c00000, 0x0000000015400000)

Polling page: 0x0000000000670000

CodeCache: size=245760Kb used=67769Kb max_used=67780Kb free=177990Kb
 bounds [0x0000000002730000, 0x00000000069d0000, 0x0000000011730000]
 total_blobs=20493 nmethods=19520 adapters=883
 compilation: enabled

Compilation events (10 events):
Event: 3170.545 Thread 0x00000000160ac000 25661       1       com.android.ide.common.blame.MergingLog::access$000 (5 bytes)
Event: 3170.545 Thread 0x00000000160ac000 nmethod 25661 0x00000000048bbdd0 code [0x00000000048bbf20, 0x00000000048bc010]
Event: 3170.567 Thread 0x00000000160ac000 25662       1       com.google.common.cache.LocalCache$WriteThroughEntry::getKey (5 bytes)
Event: 3170.567 Thread 0x00000000160ac000 nmethod 25662 0x00000000067b4950 code [0x00000000067b4aa0, 0x00000000067b4bb0]
Event: 3170.573 Thread 0x00000000160a1000 25663       4       java.util.concurrent.ConcurrentHashMap$EntryIterator::next (5 bytes)
Event: 3170.577 Thread 0x00000000160a1000 nmethod 25663 0x00000000067b4250 code [0x00000000067b43a0, 0x00000000067b4698]
Event: 3170.577 Thread 0x00000000160a1000 25664       4       java.util.concurrent.ConcurrentHashMap$EntryIterator::next (51 bytes)
Event: 3170.580 Thread 0x00000000160a1000 nmethod 25664 0x00000000067b3b90 code [0x00000000067b3ce0, 0x00000000067b3fd8]
Event: 3170.581 Thread 0x00000000160ac000 25665       1       com.android.ide.common.rendering.api.ResourceNamespace::getXmlNamespaceUri (5 bytes)
Event: 3170.581 Thread 0x00000000160ac000 nmethod 25665 0x00000000067b38d0 code [0x00000000067b3a20, 0x00000000067b3b30]

GC Heap History (10 events):
Event: 1441.978 GC heap before
{Heap before GC invocations=38 (full 3):
 PSYoungGen      total 438272K, used 404563K [0x00000000e0000000, 0x00000000fe200000, 0x0000000100000000)
  eden space 396288K, 100% used [0x00000000e0000000,0x00000000f8300000,0x00000000f8300000)
  from space 41984K, 19% used [0x00000000fb900000,0x00000000fc114db8,0x00000000fe200000)
  to   space 48640K, 0% used [0x00000000f8300000,0x00000000f8300000,0x00000000fb280000)
 ParOldGen       total 166912K, used 85452K [0x00000000a0000000, 0x00000000aa300000, 0x00000000e0000000)
  object space 166912K, 51% used [0x00000000a0000000,0x00000000a5373090,0x00000000aa300000)
 Metaspace       used 92579K, capacity 97658K, committed 97752K, reserved 1134592K
  class space    used 11680K, capacity 12725K, committed 12760K, reserved 1048576K
Event: 1441.997 GC heap after
Heap after GC invocations=38 (full 3):
 PSYoungGen      total 444928K, used 9672K [0x00000000e0000000, 0x0000000100000000, 0x0000000100000000)
  eden space 396288K, 0% used [0x00000000e0000000,0x00000000e0000000,0x00000000f8300000)
  from space 48640K, 19% used [0x00000000f8300000,0x00000000f8c723d8,0x00000000fb280000)
  to   space 47616K, 0% used [0x00000000fd180000,0x00000000fd180000,0x0000000100000000)
 ParOldGen       total 166912K, used 86340K [0x00000000a0000000, 0x00000000aa300000, 0x00000000e0000000)
  object space 166912K, 51% used [0x00000000a0000000,0x00000000a54510e0,0x00000000aa300000)
 Metaspace       used 92579K, capacity 97658K, committed 97752K, reserved 1134592K
  class space    used 11680K, capacity 12725K, committed 12760K, reserved 1048576K
}
Event: 1445.925 GC heap before
{Heap before GC invocations=39 (full 3):
 PSYoungGen      total 444928K, used 405509K [0x00000000e0000000, 0x0000000100000000, 0x0000000100000000)
  eden space 396288K, 99% used [0x00000000e0000000,0x00000000f828f158,0x00000000f8300000)
  from space 48640K, 19% used [0x00000000f8300000,0x00000000f8c723d8,0x00000000fb280000)
  to   space 47616K, 0% used [0x00000000fd180000,0x00000000fd180000,0x0000000100000000)
 ParOldGen       total 166912K, used 86340K [0x00000000a0000000, 0x00000000aa300000, 0x00000000e0000000)
  object space 166912K, 51% used [0x00000000a0000000,0x00000000a54510e0,0x00000000aa300000)
 Metaspace       used 92824K, capacity 97914K, committed 98008K, reserved 1134592K
  class space    used 11689K, capacity 12737K, committed 12760K, reserved 1048576K
Event: 1445.936 GC heap after
Heap after GC invocations=39 (full 3):
 PSYoungGen      total 471552K, used 9969K [0x00000000e0000000, 0x00000000ffc00000, 0x0000000100000000)
  eden space 428032K, 0% used [0x00000000e0000000,0x00000000e0000000,0x00000000fa200000)
  from space 43520K, 22% used [0x00000000fd180000,0x00000000fdb3c790,0x00000000ffc00000)
  to   space 46080K, 0% used [0x00000000fa200000,0x00000000fa200000,0x00000000fcf00000)
 ParOldGen       total 166912K, used 86348K [0x00000000a0000000, 0x00000000aa300000, 0x00000000e0000000)
  object space 166912K, 51% used [0x00000000a0000000,0x00000000a54530e0,0x00000000aa300000)
 Metaspace       used 92824K, capacity 97914K, committed 98008K, reserved 1134592K
  class space    used 11689K, capacity 12737K, committed 12760K, reserved 1048576K
}
Event: 1526.924 GC heap before
{Heap before GC invocations=40 (full 3):
 PSYoungGen      total 471552K, used 150548K [0x00000000e0000000, 0x00000000ffc00000, 0x0000000100000000)
  eden space 428032K, 32% used [0x00000000e0000000,0x00000000e8948a10,0x00000000fa200000)
  from space 43520K, 22% used [0x00000000fd180000,0x00000000fdb3c790,0x00000000ffc00000)
  to   space 46080K, 0% used [0x00000000fa200000,0x00000000fa200000,0x00000000fcf00000)
 ParOldGen       total 166912K, used 86348K [0x00000000a0000000, 0x00000000aa300000, 0x00000000e0000000)
  object space 166912K, 51% used [0x00000000a0000000,0x00000000a54530e0,0x00000000aa300000)
 Metaspace       used 93043K, capacity 98300K, committed 98380K, reserved 1134592K
  class space    used 11716K, capacity 12803K, committed 12876K, reserved 1048576K
Event: 1526.935 GC heap after
Heap after GC invocations=40 (full 3):
 PSYoungGen      total 474112K, used 6016K [0x00000000e0000000, 0x0000000100000000, 0x0000000100000000)
  eden space 428032K, 0% used [0x00000000e0000000,0x00000000e0000000,0x00000000fa200000)
  from space 46080K, 13% used [0x00000000fa200000,0x00000000fa7e0020,0x00000000fcf00000)
  to   space 45568K, 0% used [0x00000000fd380000,0x00000000fd380000,0x0000000100000000)
 ParOldGen       total 166912K, used 86356K [0x00000000a0000000, 0x00000000aa300000, 0x00000000e0000000)
  object space 166912K, 51% used [0x00000000a0000000,0x00000000a54550e0,0x00000000aa300000)
 Metaspace       used 93043K, capacity 98300K, committed 98380K, reserved 1134592K
  class space    used 11716K, capacity 12803K, committed 12876K, reserved 1048576K
}
Event: 1526.935 GC heap before
{Heap before GC invocations=41 (full 4):
 PSYoungGen      total 474112K, used 6016K [0x00000000e0000000, 0x0000000100000000, 0x0000000100000000)
  eden space 428032K, 0% used [0x00000000e0000000,0x00000000e0000000,0x00000000fa200000)
  from space 46080K, 13% used [0x00000000fa200000,0x00000000fa7e0020,0x00000000fcf00000)
  to   space 45568K, 0% used [0x00000000fd380000,0x00000000fd380000,0x0000000100000000)
 ParOldGen       total 166912K, used 86356K [0x00000000a0000000, 0x00000000aa300000, 0x00000000e0000000)
  object space 166912K, 51% used [0x00000000a0000000,0x00000000a54550e0,0x00000000aa300000)
 Metaspace       used 93043K, capacity 98300K, committed 98380K, reserved 1134592K
  class space    used 11716K, capacity 12803K, committed 12876K, reserved 1048576K
Event: 1527.358 GC heap after
Heap after GC invocations=41 (full 4):
 PSYoungGen      total 474112K, used 0K [0x00000000e0000000, 0x0000000100000000, 0x0000000100000000)
  eden space 428032K, 0% used [0x00000000e0000000,0x00000000e0000000,0x00000000fa200000)
  from space 46080K, 0% used [0x00000000fa200000,0x00000000fa200000,0x00000000fcf00000)
  to   space 45568K, 0% used [0x00000000fd380000,0x00000000fd380000,0x0000000100000000)
 ParOldGen       total 222208K, used 55028K [0x00000000a0000000, 0x00000000ad900000, 0x00000000e0000000)
  object space 222208K, 24% used [0x00000000a0000000,0x00000000a35bd3a8,0x00000000ad900000)
 Metaspace       used 92664K, capacity 97462K, committed 98380K, reserved 1134592K
  class space    used 11615K, capacity 12624K, committed 12876K, reserved 1048576K
}
Event: 3003.526 GC heap before
{Heap before GC invocations=42 (full 4):
 PSYoungGen      total 474112K, used 428032K [0x00000000e0000000, 0x0000000100000000, 0x0000000100000000)
  eden space 428032K, 100% used [0x00000000e0000000,0x00000000fa200000,0x00000000fa200000)
  from space 46080K, 0% used [0x00000000fa200000,0x00000000fa200000,0x00000000fcf00000)
  to   space 45568K, 0% used [0x00000000fd380000,0x00000000fd380000,0x0000000100000000)
 ParOldGen       total 222208K, used 55028K [0x00000000a0000000, 0x00000000ad900000, 0x00000000e0000000)
  object space 222208K, 24% used [0x00000000a0000000,0x00000000a35bd3a8,0x00000000ad900000)
 Metaspace       used 93859K, capacity 99756K, committed 99916K, reserved 1136640K
  class space    used 11807K, capacity 13009K, committed 13132K, reserved 1048576K
Event: 3003.533 GC heap after
Heap after GC invocations=42 (full 4):
 PSYoungGen      total 476672K, used 3154K [0x00000000e0000000, 0x00000000ffe80000, 0x0000000100000000)
  eden space 432640K, 0% used [0x00000000e0000000,0x00000000e0000000,0x00000000fa680000)
  from space 44032K, 7% used [0x00000000fd380000,0x00000000fd6949d8,0x00000000ffe80000)
  to   space 45056K, 0% used [0x00000000fa680000,0x00000000fa680000,0x00000000fd280000)
 ParOldGen       total 222208K, used 55028K [0x00000000a0000000, 0x00000000ad900000, 0x00000000e0000000)
  object space 222208K, 24% used [0x00000000a0000000,0x00000000a35bd3a8,0x00000000ad900000)
 Metaspace       used 93859K, capacity 99756K, committed 99916K, reserved 1136640K
  class space    used 11807K, capacity 13009K, committed 13132K, reserved 1048576K
}

Deoptimization events (10 events):
Event: 1528.057 Thread 0x000000001b1c6000 Uncommon trap: reason=unstable_if action=reinterpret pc=0x0000000002cbbc74 method=java.lang.ref.SoftReference.get()Ljava/lang/Object; @ 6
Event: 1528.388 Thread 0x000000001b1c6000 Uncommon trap: reason=unstable_if action=reinterpret pc=0x000000000345f61c method=java.lang.ref.SoftReference.get()Ljava/lang/Object; @ 6
Event: 1528.388 Thread 0x000000001b1c6000 Uncommon trap: reason=unstable_if action=reinterpret pc=0x00000000029f9954 method=java.lang.ref.SoftReference.get()Ljava/lang/Object; @ 6
Event: 1528.388 Thread 0x000000001b1c6000 Uncommon trap: reason=unstable_if action=reinterpret pc=0x000000000586d5ac method=java.lang.ref.SoftReference.get()Ljava/lang/Object; @ 6
Event: 1530.727 Thread 0x000000001943b800 Uncommon trap: reason=unstable_if action=reinterpret pc=0x0000000005a33ef8 method=java.util.concurrent.ThreadPoolExecutor.getTask()Ljava/lang/Runnable; @ 34
Event: 2422.011 Thread 0x0000000019438000 Uncommon trap: reason=unstable_if action=reinterpret pc=0x0000000003050e50 method=java.lang.ref.SoftReference.get()Ljava/lang/Object; @ 6
Event: 3168.421 Thread 0x000000001ac6a800 Uncommon trap: reason=array_check action=maybe_recompile pc=0x000000000430661c method=java.util.ComparableTimSort.binarySort([Ljava/lang/Object;III)V @ 215
Event: 3168.539 Thread 0x000000001942f800 Uncommon trap: reason=unstable_if action=reinterpret pc=0x00000000067567d8 method=java.util.concurrent.locks.AbstractQueuedSynchronizer.enq(Ljava/util/concurrent/locks/AbstractQueuedSynchronizer$Node;)Ljava/util/concurrent/locks/AbstractQueuedSynchronizer
Event: 3168.761 Thread 0x0000000019435000 Uncommon trap: reason=unstable_if action=reinterpret pc=0x000000000301800c method=java.util.concurrent.locks.AbstractQueuedSynchronizer.enq(Ljava/util/concurrent/locks/AbstractQueuedSynchronizer$Node;)Ljava/util/concurrent/locks/AbstractQueuedSynchronizer
Event: 3170.279 Thread 0x000000001943b000 Uncommon trap: reason=unstable_if action=reinterpret pc=0x0000000004de9408 method=java.util.concurrent.ConcurrentHashMap.addCount(JI)V @ 97

Classes redefined (0 events):
No events

Internal exceptions (10 events):
Event: 3170.097 Thread 0x000000001ac6a800 Exception <a 'sun/nio/fs/WindowsException'> (0x00000000e4ad1a00) thrown at [D:\src\AOSP-openjdk-cygwin\jdk8u\hotspot\src\share\vm\prims\jni.cpp, line 709]
Event: 3170.097 Thread 0x000000001ac6a800 Exception <a 'sun/nio/fs/WindowsException'> (0x00000000e4ad23f0) thrown at [D:\src\AOSP-openjdk-cygwin\jdk8u\hotspot\src\share\vm\prims\jni.cpp, line 709]
Event: 3170.097 Thread 0x000000001ac6a800 Exception <a 'sun/nio/fs/WindowsException'> (0x00000000e4ad5810) thrown at [D:\src\AOSP-openjdk-cygwin\jdk8u\hotspot\src\share\vm\prims\jni.cpp, line 709]
Event: 3170.098 Thread 0x000000001ac6a800 Exception <a 'sun/nio/fs/WindowsException'> (0x00000000e4ad6210) thrown at [D:\src\AOSP-openjdk-cygwin\jdk8u\hotspot\src\share\vm\prims\jni.cpp, line 709]
Event: 3170.098 Thread 0x000000001ac6a800 Exception <a 'sun/nio/fs/WindowsException'> (0x00000000e4ad7f28) thrown at [D:\src\AOSP-openjdk-cygwin\jdk8u\hotspot\src\share\vm\prims\jni.cpp, line 709]
Event: 3170.098 Thread 0x000000001ac6a800 Exception <a 'sun/nio/fs/WindowsException'> (0x00000000e4ad8938) thrown at [D:\src\AOSP-openjdk-cygwin\jdk8u\hotspot\src\share\vm\prims\jni.cpp, line 709]
Event: 3170.098 Thread 0x000000001ac6a800 Exception <a 'sun/nio/fs/WindowsException'> (0x00000000e4adb4e8) thrown at [D:\src\AOSP-openjdk-cygwin\jdk8u\hotspot\src\share\vm\prims\jni.cpp, line 709]
Event: 3170.098 Thread 0x000000001ac6a800 Exception <a 'sun/nio/fs/WindowsException'> (0x00000000e4adbef8) thrown at [D:\src\AOSP-openjdk-cygwin\jdk8u\hotspot\src\share\vm\prims\jni.cpp, line 709]
Event: 3170.098 Thread 0x000000001ac6a800 Exception <a 'sun/nio/fs/WindowsException'> (0x00000000e4addc28) thrown at [D:\src\AOSP-openjdk-cygwin\jdk8u\hotspot\src\share\vm\prims\jni.cpp, line 709]
Event: 3170.098 Thread 0x000000001ac6a800 Exception <a 'sun/nio/fs/WindowsException'> (0x00000000e4ade648) thrown at [D:\src\AOSP-openjdk-cygwin\jdk8u\hotspot\src\share\vm\prims\jni.cpp, line 709]

Events (10 events):
Event: 3170.592 Thread 0x000000001c7fa800 Thread added: 0x000000001c7fa800
Event: 3170.592 Thread 0x000000001c7fb800 Thread added: 0x000000001c7fb800
Event: 3170.592 Thread 0x000000001c7f8800 Thread added: 0x000000001c7f8800
Event: 3170.592 Executing VM operation: RevokeBias
Event: 3170.592 Thread 0x000000001c804800 Thread added: 0x000000001c804800
Event: 3170.593 Executing VM operation: RevokeBias done
Event: 3170.598 Thread 0x000000001c800800 Thread added: 0x000000001c800800
Event: 3170.598 Thread 0x000000001c801800 Thread added: 0x000000001c801800
Event: 3170.602 Thread 0x000000001c803000 Thread added: 0x000000001c803000
Event: 3170.602 Thread 0x000000001c7fe800 Thread added: 0x000000001c7fe800


Dynamic libraries:
0x00007ff6a74d0000 - 0x00007ff6a7501000 	C:\Program Files\Android\Android Studio\jre\bin\java.exe
0x00007fff6df30000 - 0x00007fff6e111000 	C:\Windows\SYSTEM32\ntdll.dll
0x00007fff6bbc0000 - 0x00007fff6bc72000 	C:\Windows\System32\KERNEL32.DLL
0x00007fff6a380000 - 0x00007fff6a5f3000 	C:\Windows\System32\KERNELBASE.dll
0x00007fff6dd80000 - 0x00007fff6de21000 	C:\Windows\System32\ADVAPI32.dll
0x00007fff6b9c0000 - 0x00007fff6ba5e000 	C:\Windows\System32\msvcrt.dll
0x00007fff6d7c0000 - 0x00007fff6d81b000 	C:\Windows\System32\sechost.dll
0x00007fff6d3f0000 - 0x00007fff6d514000 	C:\Windows\System32\RPCRT4.dll
0x00007fff6b3c0000 - 0x00007fff6b550000 	C:\Windows\System32\USER32.dll
0x00007fff6b000000 - 0x00007fff6b020000 	C:\Windows\System32\win32u.dll
0x00007fff6d0c0000 - 0x00007fff6d0e8000 	C:\Windows\System32\GDI32.dll
0x00007fff6b170000 - 0x00007fff6b302000 	C:\Windows\System32\gdi32full.dll
0x00007fff6b0d0000 - 0x00007fff6b16f000 	C:\Windows\System32\msvcp_win.dll
0x00007fff6a7f0000 - 0x00007fff6a8ea000 	C:\Windows\System32\ucrtbase.dll
0x00007fff5c480000 - 0x00007fff5c6e9000 	C:\Windows\WinSxS\amd64_microsoft.windows.common-controls_6595b64144ccf1df_6.0.17134.345_none_fb429a5930656358\COMCTL32.dll
0x00007fff6d950000 - 0x00007fff6dc73000 	C:\Windows\System32\combase.dll
0x00007fff6a300000 - 0x00007fff6a37a000 	C:\Windows\System32\bcryptPrimitives.dll
0x00007fff6dc80000 - 0x00007fff6dcad000 	C:\Windows\System32\IMM32.DLL
0x000000005b860000 - 0x000000005b932000 	C:\Program Files\Android\Android Studio\jre\jre\bin\msvcr100.dll
0x0000000058e40000 - 0x0000000059681000 	C:\Program Files\Android\Android Studio\jre\jre\bin\server\jvm.dll
0x00007fff6d520000 - 0x00007fff6d528000 	C:\Windows\System32\PSAPI.DLL
0x00007fff670a0000 - 0x00007fff670c3000 	C:\Windows\SYSTEM32\WINMM.dll
0x00007fff5b4a0000 - 0x00007fff5b4aa000 	C:\Windows\SYSTEM32\VERSION.dll
0x00007fff58610000 - 0x00007fff58619000 	C:\Windows\SYSTEM32\WSOCK32.dll
0x00007fff6d750000 - 0x00007fff6d7bc000 	C:\Windows\System32\WS2_32.dll
0x00007fff67070000 - 0x00007fff6709a000 	C:\Windows\SYSTEM32\winmmbase.dll
0x00007fff6b020000 - 0x00007fff6b069000 	C:\Windows\System32\cfgmgr32.dll
0x00007fff5b740000 - 0x00007fff5b74f000 	C:\Program Files\Android\Android Studio\jre\jre\bin\verify.dll
0x00007fff50c20000 - 0x00007fff50c49000 	C:\Program Files\Android\Android Studio\jre\jre\bin\java.dll
0x00007fff58ef0000 - 0x00007fff58f06000 	C:\Program Files\Android\Android Studio\jre\jre\bin\zip.dll
0x00007fff6bc80000 - 0x00007fff6d0bf000 	C:\Windows\System32\SHELL32.dll
0x00007fff6d8a0000 - 0x00007fff6d949000 	C:\Windows\System32\shcore.dll
0x00007fff6a8f0000 - 0x00007fff6affd000 	C:\Windows\System32\windows.storage.dll
0x00007fff6dd20000 - 0x00007fff6dd71000 	C:\Windows\System32\shlwapi.dll
0x00007fff6a2e0000 - 0x00007fff6a2f1000 	C:\Windows\System32\kernel.appcore.dll
0x00007fff6a2a0000 - 0x00007fff6a2bf000 	C:\Windows\System32\profapi.dll
0x00007fff6a250000 - 0x00007fff6a29c000 	C:\Windows\System32\powrprof.dll
0x00007fff6a240000 - 0x00007fff6a24a000 	C:\Windows\System32\FLTLIB.DLL
0x00007fff55430000 - 0x00007fff5544a000 	C:\Program Files\Android\Android Studio\jre\jre\bin\net.dll
0x00007fff69a60000 - 0x00007fff69ac6000 	C:\Windows\system32\mswsock.dll
0x00007fff51840000 - 0x00007fff51851000 	C:\Program Files\Android\Android Studio\jre\jre\bin\nio.dll
0x00007fff4c790000 - 0x00007fff4c7ae000 	C:\Users\Ha Vy\.gradle\native\25\windows-amd64\native-platform.dll
0x00007fff5b3c0000 - 0x00007fff5b3cd000 	C:\Program Files\Android\Android Studio\jre\jre\bin\management.dll
0x00007fff69c10000 - 0x00007fff69c27000 	C:\Windows\SYSTEM32\CRYPTSP.dll
0x00007fff69640000 - 0x00007fff69673000 	C:\Windows\system32\rsaenh.dll
0x00007fff69da0000 - 0x00007fff69dc5000 	C:\Windows\SYSTEM32\bcrypt.dll
0x00007fff6a170000 - 0x00007fff6a198000 	C:\Windows\SYSTEM32\USERENV.dll
0x00007fff69c30000 - 0x00007fff69c3b000 	C:\Windows\SYSTEM32\CRYPTBASE.dll
0x00007fff697e0000 - 0x00007fff69818000 	C:\Windows\SYSTEM32\IPHLPAPI.DLL
0x00007fff6dcb0000 - 0x00007fff6dcb8000 	C:\Windows\System32\NSI.dll
0x00007fff62590000 - 0x00007fff625a6000 	C:\Windows\SYSTEM32\dhcpcsvc6.DLL
0x00007fff62570000 - 0x00007fff6258a000 	C:\Windows\SYSTEM32\dhcpcsvc.DLL
0x00007fff373f0000 - 0x00007fff37587000 	C:\Program Files\Android\Android Studio\jre\jre\bin\awt.dll
0x00007fff6de30000 - 0x00007fff6def2000 	C:\Windows\System32\OLEAUT32.dll
0x00007fff664e0000 - 0x00007fff66aa7000 	C:\Windows\SYSTEM32\d2d1.dll
0x00007fff672e0000 - 0x00007fff6736b000 	C:\Windows\SYSTEM32\apphelp.dll
0x00007fff676c0000 - 0x00007fff676e9000 	C:\Windows\system32\DWMAPI.DLL
0x00007fff67470000 - 0x00007fff67508000 	C:\Windows\system32\uxtheme.dll
0x00007fff69330000 - 0x00007fff69361000 	C:\Windows\SYSTEM32\ntmarta.dll

VM Arguments:
jvm_args: -Xmx1536m -Dfile.encoding=windows-1252 -Duser.country=US -Duser.language=en -Duser.variant 
java_command: org.gradle.launcher.daemon.bootstrap.GradleDaemon 4.6
java_class_path (initial): C:\Users\Ha Vy\.gradle\wrapper\dists\gradle-4.6-all\bcst21l2brirad8k2ben1letg\gradle-4.6\lib\gradle-launcher-4.6.jar
Launcher Type: SUN_STANDARD

Environment Variables:
JAVA_HOME=C:\Program Files\Java\jdk1.8.0_181
PATH=C:\Program Files (x86)\Common Files\Oracle\Java\javapath;C:\Windows\system32;C:\Windows;C:\Windows\System32\Wbem;C:\Windows\System32\WindowsPowerShell\v1.0\;C:\Windows\System32\OpenSSH\;C:\Program Files\Git\cmd;C:\Program Files\TortoiseGit\bin;C:\Program Files\Microsoft SQL Server\110\Tools\Binn\;C:\Program Files (x86)\Microsoft SQL Server\110\Tools\Binn\;C:\Program Files\Microsoft SQL Server\110\DTS\Binn\;C:\Program Files (x86)\Microsoft SQL Server\110\Tools\Binn\ManagementStudio\;C:\Program Files (x86)\Microsoft Visual Studio 10.0\Common7\IDE\PrivateAssemblies\;C:\Program Files (x86)\Microsoft SQL Server\110\DTS\Binn\;C:\Users\Ha Vy\AppData\Local\Microsoft\WindowsApps;;C:\Users\Ha Vy\AppData\Local\Programs\Microsoft VS Code\bin;C:\altera\13.0\modelsim_ase\win32aloem
USERNAME=Ha Vy
OS=Windows_NT
PROCESSOR_IDENTIFIER=Intel64 Family 6 Model 142 Stepping 9, GenuineIntel



---------------  S Y S T E M  ---------------

OS: Windows 10.0 , 64 bit Build 17134 (10.0.17134.1)

CPU:total 4 (initial active 4) (2 cores per cpu, 2 threads per core) family 6 model 142 stepping 9, cmov, cx8, fxsr, mmx, sse, sse2, sse3, ssse3, sse4.1, sse4.2, popcnt, avx, avx2, aes, clmul, erms, 3dnowpref, lzcnt, ht, tsc, tscinvbit, bmi1, bmi2, adx

Memory: 4k page, physical 8283876k(885388k free), swap 8283876k(10456k free)

vm_info: OpenJDK 64-Bit Server VM (25.152-b06) for windows-amd64 JRE (1.8.0_152-release-1136-b06), built by "builder" with MS VC++ 10.0 (VS2010)

time: Wed Oct 31 22:42:20 2018
elapsed time: 3170 seconds (0d 0h 52m 50s)

